2025-03-25 14:25:05.429 [info] [Trace - 2:25:05 PM] Sending request 'initialize - (0)'.
2025-03-25 14:25:05.429 [info] Params: {
    "processId": 21780,
    "clientInfo": {
        "name": "Visual Studio Code",
        "version": "1.98.2"
    },
    "locale": "en",
    "rootPath": "c:\\project\\oxlint_vscode",
    "rootUri": "file:///c%3A/project/oxlint_vscode",
    "capabilities": {
        "workspace": {
            "applyEdit": true,
            "workspaceEdit": {
                "documentChanges": true,
                "resourceOperations": [
                    "create",
                    "rename",
                    "delete"
                ],
                "failureHandling": "textOnlyTransactional",
                "normalizesLineEndings": true,
                "changeAnnotationSupport": {
                    "groupsOnLabel": true
                }
            },
            "configuration": true,
            "didChangeWatchedFiles": {
                "dynamicRegistration": true,
                "relativePatternSupport": true
            },
            "symbol": {
                "dynamicRegistration": true,
                "symbolKind": {
                    "valueSet": [
                        1,
                        2,
                        3,
                        4,
                        5,
                        6,
                        7,
                        8,
                        9,
                        10,
                        11,
                        12,
                        13,
                        14,
                        15,
                        16,
                        17,
                        18,
                        19,
                        20,
                        21,
                        22,
                        23,
                        24,
                        25,
                        26
                    ]
                },
                "tagSupport": {
                    "valueSet": [
                        1
                    ]
                },
                "resolveSupport": {
                    "properties": [
                        "location.range"
                    ]
                }
            },
            "codeLens": {
                "refreshSupport": true
            },
            "executeCommand": {
                "dynamicRegistration": true
            },
            "didChangeConfiguration": {
                "dynamicRegistration": true
            },
            "workspaceFolders": true,
            "foldingRange": {
                "refreshSupport": true
            },
            "semanticTokens": {
                "refreshSupport": true
            },
            "fileOperations": {
                "dynamicRegistration": true,
                "didCreate": true,
                "didRename": true,
                "didDelete": true,
                "willCreate": true,
                "willRename": true,
                "willDelete": true
            },
            "inlineValue": {
                "refreshSupport": true
            },
            "inlayHint": {
                "refreshSupport": true
            },
            "diagnostics": {
                "refreshSupport": true
            }
        },
        "textDocument": {
            "publishDiagnostics": {
                "relatedInformation": true,
                "versionSupport": false,
                "tagSupport": {
                    "valueSet": [
                        1,
                        2
                    ]
                },
                "codeDescriptionSupport": true,
                "dataSupport": true
            },
            "synchronization": {
                "dynamicRegistration": true,
                "willSave": true,
                "willSaveWaitUntil": true,
                "didSave": true
            },
            "completion": {
                "dynamicRegistration": true,
                "contextSupport": true,
                "completionItem": {
                    "snippetSupport": true,
                    "commitCharactersSupport": true,
                    "documentationFormat": [
                        "markdown",
                        "plaintext"
                    ],
                    "deprecatedSupport": true,
                    "preselectSupport": true,
                    "tagSupport": {
                        "valueSet": [
                            1
                        ]
                    },
                    "insertReplaceSupport": true,
                    "resolveSupport": {
                        "properties": [
                            "documentation",
                            "detail",
                            "additionalTextEdits"
                        ]
                    },
                    "insertTextModeSupport": {
                        "valueSet": [
                            1,
                            2
                        ]
                    },
                    "labelDetailsSupport": true
                },
                "insertTextMode": 2,
                "completionItemKind": {
                    "valueSet": [
                        1,
                        2,
                        3,
                        4,
                        5,
                        6,
                        7,
                        8,
                        9,
                        10,
                        11,
                        12,
                        13,
                        14,
                        15,
                        16,
                        17,
                        18,
                        19,
                        20,
                        21,
                        22,
                        23,
                        24,
                        25
                    ]
                },
                "completionList": {
                    "itemDefaults": [
                        "commitCharacters",
                        "editRange",
                        "insertTextFormat",
                        "insertTextMode",
                        "data"
                    ]
                }
            },
            "hover": {
                "dynamicRegistration": true,
                "contentFormat": [
                    "markdown",
                    "plaintext"
                ]
            },
            "signatureHelp": {
                "dynamicRegistration": true,
                "signatureInformation": {
                    "documentationFormat": [
                        "markdown",
                        "plaintext"
                    ],
                    "parameterInformation": {
                        "labelOffsetSupport": true
                    },
                    "activeParameterSupport": true
                },
                "contextSupport": true
            },
            "definition": {
                "dynamicRegistration": true,
                "linkSupport": true
            },
            "references": {
                "dynamicRegistration": true
            },
            "documentHighlight": {
                "dynamicRegistration": true
            },
            "documentSymbol": {
                "dynamicRegistration": true,
                "symbolKind": {
                    "valueSet": [
                        1,
                        2,
                        3,
                        4,
                        5,
                        6,
                        7,
                        8,
                        9,
                        10,
                        11,
                        12,
                        13,
                        14,
                        15,
                        16,
                        17,
                        18,
                        19,
                        20,
                        21,
                        22,
                        23,
                        24,
                        25,
                        26
                    ]
                },
                "hierarchicalDocumentSymbolSupport": true,
                "tagSupport": {
                    "valueSet": [
                        1
                    ]
                },
                "labelSupport": true
            },
            "codeAction": {
                "dynamicRegistration": true,
                "isPreferredSupport": true,
                "disabledSupport": true,
                "dataSupport": true,
                "resolveSupport": {
                    "properties": [
                        "edit"
                    ]
                },
                "codeActionLiteralSupport": {
                    "codeActionKind": {
                        "valueSet": [
                            "",
                            "quickfix",
                            "refactor",
                            "refactor.extract",
                            "refactor.inline",
                            "refactor.rewrite",
                            "source",
                            "source.organizeImports"
                        ]
                    }
                },
                "honorsChangeAnnotations": true
            },
            "codeLens": {
                "dynamicRegistration": true
            },
            "formatting": {
                "dynamicRegistration": true
            },
            "rangeFormatting": {
                "dynamicRegistration": true,
                "rangesSupport": true
            },
            "onTypeFormatting": {
                "dynamicRegistration": true
            },
            "rename": {
                "dynamicRegistration": true,
                "prepareSupport": true,
                "prepareSupportDefaultBehavior": 1,
                "honorsChangeAnnotations": true
            },
            "documentLink": {
                "dynamicRegistration": true,
                "tooltipSupport": true
            },
            "typeDefinition": {
                "dynamicRegistration": true,
                "linkSupport": true
            },
            "implementation": {
                "dynamicRegistration": true,
                "linkSupport": true
            },
            "colorProvider": {
                "dynamicRegistration": true
            },
            "foldingRange": {
                "dynamicRegistration": true,
                "rangeLimit": 5000,
                "lineFoldingOnly": true,
                "foldingRangeKind": {
                    "valueSet": [
                        "comment",
                        "imports",
                        "region"
                    ]
                },
                "foldingRange": {
                    "collapsedText": false
                }
            },
            "declaration": {
                "dynamicRegistration": true,
                "linkSupport": true
            },
            "selectionRange": {
                "dynamicRegistration": true
            },
            "callHierarchy": {
                "dynamicRegistration": true
            },
            "semanticTokens": {
                "dynamicRegistration": true,
                "tokenTypes": [
                    "namespace",
                    "type",
                    "class",
                    "enum",
                    "interface",
                    "struct",
                    "typeParameter",
                    "parameter",
                    "variable",
                    "property",
                    "enumMember",
                    "event",
                    "function",
                    "method",
                    "macro",
                    "keyword",
                    "modifier",
                    "comment",
                    "string",
                    "number",
                    "regexp",
                    "operator",
                    "decorator"
                ],
                "tokenModifiers": [
                    "declaration",
                    "definition",
                    "readonly",
                    "static",
                    "deprecated",
                    "abstract",
                    "async",
                    "modification",
                    "documentation",
                    "defaultLibrary"
                ],
                "formats": [
                    "relative"
                ],
                "requests": {
                    "range": true,
                    "full": {
                        "delta": true
                    }
                },
                "multilineTokenSupport": false,
                "overlappingTokenSupport": false,
                "serverCancelSupport": true,
                "augmentsSyntaxTokens": true
            },
            "linkedEditingRange": {
                "dynamicRegistration": true
            },
            "typeHierarchy": {
                "dynamicRegistration": true
            },
            "inlineValue": {
                "dynamicRegistration": true
            },
            "inlayHint": {
                "dynamicRegistration": true,
                "resolveSupport": {
                    "properties": [
                        "tooltip",
                        "textEdits",
                        "label.tooltip",
                        "label.location",
                        "label.command"
                    ]
                }
            },
            "diagnostic": {
                "dynamicRegistration": true,
                "relatedDocumentSupport": false
            }
        },
        "window": {
            "showMessage": {
                "messageActionItem": {
                    "additionalPropertiesSupport": true
                }
            },
            "showDocument": {
                "support": true
            },
            "workDoneProgress": true
        },
        "general": {
            "staleRequestSupport": {
                "cancel": true,
                "retryOnContentModified": [
                    "textDocument/semanticTokens/full",
                    "textDocument/semanticTokens/range",
                    "textDocument/semanticTokens/full/delta"
                ]
            },
            "regularExpressions": {
                "engine": "ECMAScript",
                "version": "ES2020"
            },
            "markdown": {
                "parser": "marked",
                "version": "1.1.0"
            },
            "positionEncodings": [
                "utf-16"
            ]
        },
        "notebookDocument": {
            "synchronization": {
                "dynamicRegistration": true,
                "executionSummarySupport": true
            }
        }
    },
    "initializationOptions": {
        "settings": {
            "run": "onType",
            "enable": true,
            "configPath": "",
            "flags": {}
        }
    },
    "trace": "verbose",
    "workspaceFolders": [
        {
            "uri": "file:///c%3A/project/oxlint_vscode",
            "name": "oxlint_vscode"
        }
    ]
}


2025-03-25 14:25:05.429 [info] [2025-03-25T06:25:05Z INFO  oxc_language_server] initialize: Options { run: OnType, enable: true, config_path: "", flags: {} }
[2025-03-25T06:25:05Z INFO  oxc_language_server] language server version: "0.16.2"

2025-03-25 14:25:05.429 [info] [Trace - 2:25:05 PM] Received response 'initialize - (0)' in 6ms.
2025-03-25 14:25:05.429 [info] Result: {
    "capabilities": {
        "textDocumentSync": 1,
        "codeActionProvider": {
            "codeActionKinds": [
                "quickfix",
                "source.fixAll.oxc"
            ]
        },
        "executeCommandProvider": {
            "commands": [
                "oxc.fixAll"
            ]
        },
        "workspace": {
            "workspaceFolders": {
                "supported": true,
                "changeNotifications": true
            }
        }
    },
    "serverInfo": {
        "name": "oxc"
    }
}


2025-03-25 14:25:05.429 [info] [Trace - 2:25:05 PM] Sending notification 'initialized'.
2025-03-25 14:25:05.429 [info] Params: {}


2025-03-25 14:25:05.429 [info] [Trace - 2:25:05 PM] Sending notification 'textDocument/didOpen'.
2025-03-25 14:25:05.429 [info] Params: {
    "textDocument": {
        "uri": "file:///c%3A/project/oxlint_vscode/src/index.ts",
        "languageId": "typescript",
        "version": 1,
        "text": "export function main(someName: string): string {\n    // oxlint default is \"warn\" ,conifg set -> \"no-unused-vars\": \"error\"\n    // and oxc vscode extensions can get diag is \"error\"\n    let foo = 0;\n\n    let someText = \"\";\n    let someTextLen = 0;\n    if (someName.replaceAll(/[^\\u0000-\\u00FF]/g, \"aa\").length > 10) {\n        //                              ^^^^^^^^^^^^^^^^^^^ can diagnosis in cli, but can not get it in vscode extensions\n\n        for (const char of someName.split(\"\")) {\n            //                                          VVVVVVVVVVVVVVVVVV also\n            someTextLen += char.replaceAll(/[^\\u0000-\\u00FF]/g, \"aa\") == \"aa\"\n                ? 2\n                : 1;\n\n            if (someTextLen <= 7) {\n                someText += char;\n            }\n        }\n        return someText += \"...\";\n    }\n    return someName;\n}\n"
    }
}


2025-03-25 14:25:05.431 [info] [Trace - 2:25:05 PM] Received notification 'textDocument/publishDiagnostics'.
2025-03-25 14:25:05.431 [info] Params: {
    "uri": "file:///c%3A/project/oxlint_vscode/src/index.ts",
    "diagnostics": [],
    "version": 1
}


2025-03-25 14:25:05.536 [info] [Trace - 2:25:05 PM] Sending notification '$/setTrace'.
2025-03-25 14:25:05.536 [info] Params: {
    "value": "verbose"
}


2025-03-25 14:25:05.552 [info] [Trace - 2:25:05 PM] Sending request 'textDocument/codeAction - (1)'.
2025-03-25 14:25:05.552 [info] Params: {
    "textDocument": {
        "uri": "file:///c%3A/project/oxlint_vscode/src/index.ts"
    },
    "range": {
        "start": {
            "line": 19,
            "character": 9
        },
        "end": {
            "line": 19,
            "character": 9
        }
    },
    "context": {
        "diagnostics": [],
        "triggerKind": 2
    }
}


2025-03-25 14:25:05.552 [info] [Trace - 2:25:05 PM] Received response 'textDocument/codeAction - (1)' in 1ms.
2025-03-25 14:25:05.552 [info] No result returned.


2025-03-25 14:25:05.567 [info] [Trace - 2:25:05 PM] Sending notification 'workspace/didChangeWatchedFiles'.
2025-03-25 14:25:05.567 [info] Params: {
    "changes": [
        {
            "uri": "file:///c%3A/project/oxlint_vscode/.oxlintrc.json",
            "type": 1
        }
    ]
}


2025-03-25 14:25:05.585 [info] [Trace - 2:25:05 PM] Sending notification '$/setTrace'.
2025-03-25 14:25:05.585 [info] Params: {
    "value": "verbose"
}


2025-03-25 14:25:05.586 [info] [Trace - 2:25:05 PM] Received notification 'textDocument/publishDiagnostics'.
2025-03-25 14:25:05.586 [info] Params: {
    "uri": "file:///c%3A/project/oxlint_vscode/src/index.ts",
    "diagnostics": [
        {
            "range": {
                "start": {
                    "line": 3,
                    "character": 8
                },
                "end": {
                    "line": 3,
                    "character": 11
                }
            },
            "severity": 1,
            "code": "eslint(no-unused-vars)",
            "codeDescription": {
                "href": "https://oxc.rs/docs/guide/usage/linter/rules/eslint/no-unused-vars"
            },
            "source": "oxc",
            "message": "Variable 'foo' is declared but never used. Unused variables should start with a '_'.\nhelp: Consider removing this declaration.",
            "relatedInformation": [
                {
                    "location": {
                        "uri": "file:///C:/project/oxlint_vscode/src/index.ts",
                        "range": {
                            "start": {
                                "line": 3,
                                "character": 8
                            },
                            "end": {
                                "line": 3,
                                "character": 11
                            }
                        }
                    },
                    "message": "'foo' is declared here"
                }
            ]
        }
    ]
}


2025-03-25 14:25:05.929 [info] [Trace - 2:25:05 PM] Sending request 'textDocument/codeAction - (2)'.
2025-03-25 14:25:05.929 [info] Params: {
    "textDocument": {
        "uri": "file:///c%3A/project/oxlint_vscode/src/index.ts"
    },
    "range": {
        "start": {
            "line": 19,
            "character": 9
        },
        "end": {
            "line": 19,
            "character": 9
        }
    },
    "context": {
        "diagnostics": [],
        "triggerKind": 2
    }
}


2025-03-25 14:25:06.161 [info] [Trace - 2:25:06 PM] Sending notification '$/cancelRequest'.
2025-03-25 14:25:06.161 [info] Params: {
    "id": 2
}


2025-03-25 14:25:06.173 [info] [Trace - 2:25:06 PM] Sending notification '$/setTrace'.
2025-03-25 14:25:06.173 [info] Params: {
    "value": "verbose"
}


2025-03-25 14:25:06.179 [info] [Trace - 2:25:06 PM] Sending notification '$/setTrace'.
2025-03-25 14:25:06.179 [info] Params: {
    "value": "verbose"
}


2025-03-25 14:25:06.200 [info] [Trace - 2:25:06 PM] Sending request 'textDocument/codeAction - (3)'.
2025-03-25 14:25:06.201 [info] Params: {
    "textDocument": {
        "uri": "file:///c%3A/project/oxlint_vscode/src/index.ts"
    },
    "range": {
        "start": {
            "line": 19,
            "character": 9
        },
        "end": {
            "line": 19,
            "character": 9
        }
    },
    "context": {
        "diagnostics": [],
        "triggerKind": 2
    }
}


2025-03-25 14:25:06.201 [info] [Trace - 2:25:06 PM] Sending request 'textDocument/codeAction - (4)'.
2025-03-25 14:25:06.201 [info] Params: {
    "textDocument": {
        "uri": "file:///c%3A/project/oxlint_vscode/src/index.ts"
    },
    "range": {
        "start": {
            "line": 19,
            "character": 9
        },
        "end": {
            "line": 19,
            "character": 9
        }
    },
    "context": {
        "diagnostics": [],
        "triggerKind": 2
    }
}


2025-03-25 14:25:06.201 [info] [Trace - 2:25:06 PM] Sending notification '$/cancelRequest'.
2025-03-25 14:25:06.201 [info] Params: {
    "id": 3
}


2025-03-25 14:25:06.207 [info] [Trace - 2:25:06 PM] Received response 'textDocument/codeAction - (2)' in 278ms.
2025-03-25 14:25:06.207 [info] No result returned.


2025-03-25 14:25:06.213 [info] [Trace - 2:25:06 PM] Received response 'textDocument/codeAction - (3)' in 12ms.
2025-03-25 14:25:06.213 [info] No result returned.


2025-03-25 14:25:06.214 [info] [Trace - 2:25:06 PM] Received response 'textDocument/codeAction - (4)' in 13ms.
2025-03-25 14:25:06.214 [info] No result returned.


2025-03-25 14:25:06.332 [info] [Trace - 2:25:06 PM] Sending request 'textDocument/codeAction - (5)'.
2025-03-25 14:25:06.332 [info] Params: {
    "textDocument": {
        "uri": "file:///c%3A/project/oxlint_vscode/src/index.ts"
    },
    "range": {
        "start": {
            "line": 19,
            "character": 9
        },
        "end": {
            "line": 19,
            "character": 9
        }
    },
    "context": {
        "diagnostics": [],
        "triggerKind": 2
    }
}


2025-03-25 14:25:06.333 [info] [Trace - 2:25:06 PM] Received response 'textDocument/codeAction - (5)' in 2ms.
2025-03-25 14:25:06.333 [info] No result returned.


2025-03-25 14:25:07.162 [info] [Trace - 2:25:07 PM] Sending notification '$/setTrace'.
2025-03-25 14:25:07.162 [info] Params: {
    "value": "verbose"
}


2025-03-25 14:25:08.317 [info] [Trace - 2:25:08 PM] Sending notification '$/setTrace'.
2025-03-25 14:25:08.317 [info] Params: {
    "value": "verbose"
}


2025-03-25 14:25:11.013 [info] [Trace - 2:25:11 PM] Sending request 'textDocument/codeAction - (6)'.
2025-03-25 14:25:11.013 [info] Params: {
    "textDocument": {
        "uri": "file:///c%3A/project/oxlint_vscode/src/index.ts"
    },
    "range": {
        "start": {
            "line": 19,
            "character": 9
        },
        "end": {
            "line": 19,
            "character": 9
        }
    },
    "context": {
        "diagnostics": [],
        "triggerKind": 2
    }
}


2025-03-25 14:25:11.043 [info] [Trace - 2:25:11 PM] Received response 'textDocument/codeAction - (6)' in 30ms.
2025-03-25 14:25:11.043 [info] No result returned.


2025-03-25 14:25:11.163 [info] [Trace - 2:25:11 PM] Sending request 'textDocument/codeAction - (7)'.
2025-03-25 14:25:11.164 [info] Params: {
    "textDocument": {
        "uri": "file:///c%3A/project/oxlint_vscode/src/index.ts"
    },
    "range": {
        "start": {
            "line": 19,
            "character": 9
        },
        "end": {
            "line": 19,
            "character": 9
        }
    },
    "context": {
        "diagnostics": [],
        "triggerKind": 2
    }
}


2025-03-25 14:25:11.165 [info] [Trace - 2:25:11 PM] Received response 'textDocument/codeAction - (7)' in 1ms.
2025-03-25 14:25:11.165 [info] No result returned.


2025-03-25 14:27:06.565 [info] [Trace - 2:27:06 PM] Sending notification '$/setTrace'.
2025-03-25 14:27:06.565 [info] Params: {
    "value": "verbose"
}


2025-03-25 14:27:06.565 [info] [Trace - 2:27:06 PM] Sending notification 'workspace/didChangeConfiguration'.
2025-03-25 14:27:06.565 [info] Params: {
    "settings": {
        "run": "onType",
        "enable": true,
        "configPath": "",
        "flags": {}
    }
}


